Model name: Intel(R) Xeon(R) Silver 4410Y
Physical CPUs: 1
Hardware threads: 24
Number of cores: 12
CPU Max MHz: 1027.484
CPU Min MHz: 800.000
L1i cache: 384 KiB (12 instances)
	Cache line length: 64
L1d cache: 576 KiB (12 instances)
	Cache line length: 64
L2 cache: 24 MiB (12 instances)
	Cache line length: 64
L3 cache: 30 MiB (1 instance)
	Cache line length: 64
Architecture: x86_64
Total Memory: 131405684 kB
GPU(s): 0
File system of /data: zfs
Free storage on /data: 54834760576
Total storage on /data: 109669521152
Kernel Release: 6.8.0-88-generic
Kernel Version: #89-Ubuntu SMP PREEMPT_DYNAMIC Sat Oct 11 01:02:46 UTC 2025
GNU/Linux distribution: Ubuntu 24.04.3 LTS
Python 3 interpreter (filename): /usr/bin/python3 (version 3.12.3)
