Model name: INTEL(R) XEON(R) GOLD 6548N
Physical CPUs: 2
Hardware threads: 128
Number of cores: 64
CPU Max MHz: 1100.011
CPU Min MHz: 960.509
L1i cache: 2 MiB (64 instances)
	Cache line length: 64
L1d cache: 3 MiB (64 instances)
	Cache line length: 64
L2 cache: 128 MiB (64 instances)
	Cache line length: 64
L3 cache: 120 MiB (2 instances)
	Cache line length: 64
Architecture: x86_64
Total Memory: 527824532 kB
GPU(s): 4
--- GPU 0 ---
GPU model: NVIDIA L40S
GPU memory: 46068 MiB
--- GPU 1 ---
GPU model: NVIDIA L40S
GPU memory: 46068 MiB
--- GPU 2 ---
GPU model: NVIDIA L40S
GPU memory: 46068 MiB
--- GPU 3 ---
GPU model: NVIDIA L40S
GPU memory: 46068 MiB
File system of /data: nfs4
Free storage on /data: 54834760704
Total storage on /data: 109669521408
Kernel Release: 6.8.0-90-generic
Kernel Version: #91-Ubuntu SMP PREEMPT_DYNAMIC Tue Nov 18 14:14:30 UTC 2025
GNU/Linux distribution: Ubuntu 24.04.3 LTS
Python 3 interpreter (filename): /usr/bin/python3 (version 3.12.3)
